Der Buildvorgang wurde am 1/5/2015 11:36:33 PM gestartet.
     1>Projekt "E:\game entwicklung\kuromashiro\kuromashiro\kuromashiro.vcxproj" auf Knoten "2", Build Ziel(e).
     1>ClCompile:
         C:\Program Files (x86)\Microsoft Visual Studio 12.0\VC\bin\CL.exe /c /Zi /nologo /W3 /WX- /sdl /Od /Oy- /D WIN32 /D _DEBUG /D _WINDOWS /D _UNICODE /D UNICODE /Gm /EHsc /RTC1 /MDd /GS /fp:precise /Zc:wchar_t /Zc:forScope /Fo"Debug\\" /Fd"Debug\vc120.pdb" /Gd /TP /analyze- /errorReport:prompt CFile.cpp CLogin.cpp CNetwork.cpp main.cpp perst.cpp
         perst.cpp
         main.cpp
     1>main.cpp(236): warning C4101: 'string': Unreferenzierte lokale Variable
         CNetwork.cpp
         CLogin.cpp
         CFile.cpp
     1>CFile.cpp(172): warning C4065: switch-Anweisung enthält 'default', aber keine case-Bezeichnungen
         Code wird generiert...
       ResourceCompile:
         C:\Program Files (x86)\Windows Kits\8.1\bin\x86\rc.exe /D _UNICODE /D UNICODE /l"0x0409" /nologo /fo"Debug\kuromashiro.res" kuromashiro.rc 
       Link:
         C:\Program Files (x86)\Microsoft Visual Studio 12.0\VC\bin\link.exe /ERRORREPORT:PROMPT /OUT:"E:\game entwicklung\kuromashiro\Debug\kuromashiro.exe" /INCREMENTAL /NOLOGO kernel32.lib user32.lib gdi32.lib winspool.lib comdlg32.lib advapi32.lib shell32.lib ole32.lib oleaut32.lib uuid.lib odbc32.lib odbccp32.lib /MANIFEST /MANIFESTUAC:"level='asInvoker' uiAccess='false'" /manifest:embed /DEBUG /PDB:"E:\game entwicklung\kuromashiro\Debug\kuromashiro.pdb" /SUBSYSTEM:WINDOWS /TLBID:1 /DYNAMICBASE /NXCOMPAT /IMPLIB:"E:\game entwicklung\kuromashiro\Debug\kuromashiro.lib" /MACHINE:X86 Debug\kuromashiro.res
         Debug\CFile.obj
         Debug\CLogin.obj
         Debug\CNetwork.obj
         Debug\main.obj
         Debug\perst.obj
         kuromashiro.vcxproj -> E:\game entwicklung\kuromashiro\Debug\kuromashiro.exe
     1>Die Erstellung des Projekts "E:\game entwicklung\kuromashiro\kuromashiro\kuromashiro.vcxproj" ist abgeschlossen, Build Ziel(e).

Build erfolgreich.

Verstrichene Zeit 00:00:05.53
